WARNING 2014-11-12 10:38:32,161 base 7620 4565909504 Not Found: /favicon.ico
WARNING 2014-11-12 10:52:08,996 base 7776 4532637696 Not Found: /img/favicon.ico
ERROR 2014-11-12 11:05:14,069 base 7776 4532637696 Internal Server Error: /
Traceback (most recent call last):
  File "/Users/wangtaize/local/eagle-env/lib/python2.7/site-packages/django/core/handlers/base.py", line 115, in get_response
    response = callback(request, *callback_args, **callback_kwargs)
  File "/Users/wangtaize/workspace/status/src/bootstrap/views.py", line 23, in index
  File "/Users/wangtaize/workspace/status/src/frame/net/http.py", line 292, in build_tmpl
  File "/Users/wangtaize/local/eagle-env/lib/python2.7/site-packages/django/shortcuts/__init__.py", line 29, in render_to_response
    return HttpResponse(loader.render_to_string(*args, **kwargs), **httpresponse_kwargs)
  File "/Users/wangtaize/local/eagle-env/lib/python2.7/site-packages/django/template/loader.py", line 170, in render_to_string
    t = get_template(template_name)
  File "/Users/wangtaize/local/eagle-env/lib/python2.7/site-packages/django/template/loader.py", line 146, in get_template
    template, origin = find_template(template_name)
  File "/Users/wangtaize/local/eagle-env/lib/python2.7/site-packages/django/template/loader.py", line 139, in find_template
    raise TemplateDoesNotExist(name)
TemplateDoesNotExist: index.html
ERROR 2014-11-12 11:05:17,436 base 7776 4541313024 Internal Server Error: /
Traceback (most recent call last):
  File "/Users/wangtaize/local/eagle-env/lib/python2.7/site-packages/django/core/handlers/base.py", line 115, in get_response
    response = callback(request, *callback_args, **callback_kwargs)
  File "/Users/wangtaize/workspace/status/src/bootstrap/views.py", line 23, in index
  File "/Users/wangtaize/workspace/status/src/frame/net/http.py", line 292, in build_tmpl
  File "/Users/wangtaize/local/eagle-env/lib/python2.7/site-packages/django/shortcuts/__init__.py", line 29, in render_to_response
    return HttpResponse(loader.render_to_string(*args, **kwargs), **httpresponse_kwargs)
  File "/Users/wangtaize/local/eagle-env/lib/python2.7/site-packages/django/template/loader.py", line 170, in render_to_string
    t = get_template(template_name)
  File "/Users/wangtaize/local/eagle-env/lib/python2.7/site-packages/django/template/loader.py", line 146, in get_template
    template, origin = find_template(template_name)
  File "/Users/wangtaize/local/eagle-env/lib/python2.7/site-packages/django/template/loader.py", line 139, in find_template
    raise TemplateDoesNotExist(name)
TemplateDoesNotExist: index.html
